Analysis & Synthesis report for mips_A
Mon May 22 18:58:53 2023
Quartus Prime Version 20.1.0 Build 711 06/05/2020 SJ Lite Edition


---------------------
; Table of Contents ;
---------------------
  1. Legal Notice
  2. Analysis & Synthesis Summary
  3. Analysis & Synthesis Settings
  4. Parallel Compilation
  5. Analysis & Synthesis Source Files Read
  6. Analysis & Synthesis Resource Usage Summary
  7. Analysis & Synthesis Resource Utilization by Entity
  8. Registers Removed During Synthesis
  9. General Register Statistics
 10. Multiplexer Restructuring Statistics (Restructuring Performed)
 11. Parameter Settings for User Entity Instance: Top-level Entity: |top_level
 12. Parameter Settings for User Entity Instance: registradorGenerico:PC
 13. Parameter Settings for User Entity Instance: somaConstante:incrementaPC
 14. Parameter Settings for User Entity Instance: ROMMIPS:ROM
 15. Parameter Settings for User Entity Instance: RAMMIPS:RAM
 16. Parameter Settings for User Entity Instance: muxGenerico2x1_32bit:muxRT_RD
 17. Parameter Settings for User Entity Instance: bancoReg:banco
 18. Parameter Settings for User Entity Instance: muxGenerico2x1_32bit:muxULA_mem
 19. Parameter Settings for User Entity Instance: muxGenerico2x1_32bit:muxULA_entrada
 20. Parameter Settings for User Entity Instance: muxGenerico2x1_32bit:mux_right
 21. Parameter Settings for User Entity Instance: muxGenerico2x1_32bit:mux_left
 22. Parameter Settings for User Entity Instance: estendeSinalGenerico:estendeSinal
 23. Parameter Settings for User Entity Instance: somadorGenerico:somador
 24. Parameter Settings for User Entity Instance: muxGenerico2x1_32bit:mux_top
 25. Port Connectivity Checks: "conversorHex7Seg:Decoder_HEX5"
 26. Port Connectivity Checks: "conversorHex7Seg:Decoder_HEX4"
 27. Port Connectivity Checks: "conversorHex7Seg:Decoder_HEX3"
 28. Port Connectivity Checks: "conversorHex7Seg:Decoder_HEX2"
 29. Port Connectivity Checks: "conversorHex7Seg:Decoder_HEX1"
 30. Port Connectivity Checks: "conversorHex7Seg:Decoder_HEX0"
 31. Port Connectivity Checks: "somadorGenerico:somador"
 32. Port Connectivity Checks: "estendeSinalGenerico:estendeSinal"
 33. Port Connectivity Checks: "ULA_32bit:ULA|ULA_1bit:Bit31"
 34. Port Connectivity Checks: "ULA_32bit:ULA|ULA_1bit:Bit30"
 35. Port Connectivity Checks: "ULA_32bit:ULA|ULA_1bit:Bit29"
 36. Port Connectivity Checks: "ULA_32bit:ULA|ULA_1bit:Bit28"
 37. Port Connectivity Checks: "ULA_32bit:ULA|ULA_1bit:Bit27"
 38. Port Connectivity Checks: "ULA_32bit:ULA|ULA_1bit:Bit26"
 39. Port Connectivity Checks: "ULA_32bit:ULA|ULA_1bit:Bit25"
 40. Port Connectivity Checks: "ULA_32bit:ULA|ULA_1bit:Bit24"
 41. Port Connectivity Checks: "ULA_32bit:ULA|ULA_1bit:Bit23"
 42. Port Connectivity Checks: "ULA_32bit:ULA|ULA_1bit:Bit22"
 43. Port Connectivity Checks: "ULA_32bit:ULA|ULA_1bit:Bit21"
 44. Port Connectivity Checks: "ULA_32bit:ULA|ULA_1bit:Bit20"
 45. Port Connectivity Checks: "ULA_32bit:ULA|ULA_1bit:Bit19"
 46. Port Connectivity Checks: "ULA_32bit:ULA|ULA_1bit:Bit18"
 47. Port Connectivity Checks: "ULA_32bit:ULA|ULA_1bit:Bit17"
 48. Port Connectivity Checks: "ULA_32bit:ULA|ULA_1bit:Bit16"
 49. Port Connectivity Checks: "ULA_32bit:ULA|ULA_1bit:Bit15"
 50. Port Connectivity Checks: "ULA_32bit:ULA|ULA_1bit:Bit14"
 51. Port Connectivity Checks: "ULA_32bit:ULA|ULA_1bit:Bit13"
 52. Port Connectivity Checks: "ULA_32bit:ULA|ULA_1bit:Bit12"
 53. Port Connectivity Checks: "ULA_32bit:ULA|ULA_1bit:Bit11"
 54. Port Connectivity Checks: "ULA_32bit:ULA|ULA_1bit:Bit10"
 55. Port Connectivity Checks: "ULA_32bit:ULA|ULA_1bit:Bit9"
 56. Port Connectivity Checks: "ULA_32bit:ULA|ULA_1bit:Bit8"
 57. Port Connectivity Checks: "ULA_32bit:ULA|ULA_1bit:Bit7"
 58. Port Connectivity Checks: "ULA_32bit:ULA|ULA_1bit:Bit6"
 59. Port Connectivity Checks: "ULA_32bit:ULA|ULA_1bit:Bit5"
 60. Port Connectivity Checks: "ULA_32bit:ULA|ULA_1bit:Bit4"
 61. Port Connectivity Checks: "ULA_32bit:ULA|ULA_1bit:Bit3"
 62. Port Connectivity Checks: "ULA_32bit:ULA|ULA_1bit:Bit2"
 63. Port Connectivity Checks: "ULA_32bit:ULA|ULA_1bit:Bit1"
 64. Port Connectivity Checks: "ULA_32bit:ULA"
 65. Port Connectivity Checks: "muxGenerico2x1_32bit:mux_left"
 66. Port Connectivity Checks: "muxGenerico2x1_32bit:mux_right"
 67. Port Connectivity Checks: "muxGenerico2x1_32bit:muxULA_entrada"
 68. Port Connectivity Checks: "UnidadeControleFluxoDados:UC"
 69. Port Connectivity Checks: "RAMMIPS:RAM"
 70. Port Connectivity Checks: "registradorGenerico:PC"
 71. Post-Synthesis Netlist Statistics for Top Partition
 72. Elapsed Time Per Partition
 73. Analysis & Synthesis Messages



----------------
; Legal Notice ;
----------------
Copyright (C) 2020  Intel Corporation. All rights reserved.
Your use of Intel Corporation's design tools, logic functions 
and other software and tools, and any partner logic 
functions, and any output files from any of the foregoing 
(including device programming or simulation files), and any 
associated documentation or information are expressly subject 
to the terms and conditions of the Intel Program License 
Subscription Agreement, the Intel Quartus Prime License Agreement,
the Intel FPGA IP License Agreement, or other applicable license
agreement, including, without limitation, that your use is for
the sole purpose of programming logic devices manufactured by
Intel and sold by Intel or its authorized distributors.  Please
refer to the applicable agreement for further details, at
https://fpgasoftware.intel.com/eula.



+-------------------------------------------------------------------------------+
; Analysis & Synthesis Summary                                                  ;
+---------------------------------+---------------------------------------------+
; Analysis & Synthesis Status     ; Successful - Mon May 22 18:58:53 2023       ;
; Quartus Prime Version           ; 20.1.0 Build 711 06/05/2020 SJ Lite Edition ;
; Revision Name                   ; mips_A                                      ;
; Top-level Entity Name           ; top_level                                   ;
; Family                          ; Cyclone V                                   ;
; Logic utilization (in ALMs)     ; N/A                                         ;
; Total registers                 ; 0                                           ;
; Total pins                      ; 67                                          ;
; Total virtual pins              ; 0                                           ;
; Total block memory bits         ; 0                                           ;
; Total DSP Blocks                ; 0                                           ;
; Total HSSI RX PCSs              ; 0                                           ;
; Total HSSI PMA RX Deserializers ; 0                                           ;
; Total HSSI TX PCSs              ; 0                                           ;
; Total HSSI PMA TX Serializers   ; 0                                           ;
; Total PLLs                      ; 0                                           ;
; Total DLLs                      ; 0                                           ;
+---------------------------------+---------------------------------------------+


+---------------------------------------------------------------------------------------------------------------------------+
; Analysis & Synthesis Settings                                                                                             ;
+---------------------------------------------------------------------------------+--------------------+--------------------+
; Option                                                                          ; Setting            ; Default Value      ;
+---------------------------------------------------------------------------------+--------------------+--------------------+
; Device                                                                          ; 5CEBA4F23C7        ;                    ;
; Top-level entity name                                                           ; top_level          ; mips_A             ;
; Family name                                                                     ; Cyclone V          ; Cyclone V          ;
; VHDL Show LMF Mapping Messages                                                  ; Off                ;                    ;
; VHDL Version                                                                    ; VHDL_2008          ; VHDL_1993          ;
; Use smart compilation                                                           ; Off                ; Off                ;
; Enable parallel Assembler and Timing Analyzer during compilation                ; On                 ; On                 ;
; Enable compact report table                                                     ; Off                ; Off                ;
; Restructure Multiplexers                                                        ; Auto               ; Auto               ;
; MLAB Add Timing Constraints For Mixed-Port Feed-Through Mode Setting Don't Care ; Off                ; Off                ;
; Create Debugging Nodes for IP Cores                                             ; Off                ; Off                ;
; Preserve fewer node names                                                       ; On                 ; On                 ;
; Intel FPGA IP Evaluation Mode                                                   ; Enable             ; Enable             ;
; Verilog Version                                                                 ; Verilog_2001       ; Verilog_2001       ;
; State Machine Processing                                                        ; Auto               ; Auto               ;
; Safe State Machine                                                              ; Off                ; Off                ;
; Extract Verilog State Machines                                                  ; On                 ; On                 ;
; Extract VHDL State Machines                                                     ; On                 ; On                 ;
; Ignore Verilog initial constructs                                               ; Off                ; Off                ;
; Iteration limit for constant Verilog loops                                      ; 5000               ; 5000               ;
; Iteration limit for non-constant Verilog loops                                  ; 250                ; 250                ;
; Add Pass-Through Logic to Inferred RAMs                                         ; On                 ; On                 ;
; Infer RAMs from Raw Logic                                                       ; On                 ; On                 ;
; Parallel Synthesis                                                              ; On                 ; On                 ;
; DSP Block Balancing                                                             ; Auto               ; Auto               ;
; NOT Gate Push-Back                                                              ; On                 ; On                 ;
; Power-Up Don't Care                                                             ; On                 ; On                 ;
; Remove Redundant Logic Cells                                                    ; Off                ; Off                ;
; Remove Duplicate Registers                                                      ; On                 ; On                 ;
; Ignore CARRY Buffers                                                            ; Off                ; Off                ;
; Ignore CASCADE Buffers                                                          ; Off                ; Off                ;
; Ignore GLOBAL Buffers                                                           ; Off                ; Off                ;
; Ignore ROW GLOBAL Buffers                                                       ; Off                ; Off                ;
; Ignore LCELL Buffers                                                            ; Off                ; Off                ;
; Ignore SOFT Buffers                                                             ; On                 ; On                 ;
; Limit AHDL Integers to 32 Bits                                                  ; Off                ; Off                ;
; Optimization Technique                                                          ; Balanced           ; Balanced           ;
; Carry Chain Length                                                              ; 70                 ; 70                 ;
; Auto Carry Chains                                                               ; On                 ; On                 ;
; Auto Open-Drain Pins                                                            ; On                 ; On                 ;
; Perform WYSIWYG Primitive Resynthesis                                           ; Off                ; Off                ;
; Auto ROM Replacement                                                            ; On                 ; On                 ;
; Auto RAM Replacement                                                            ; On                 ; On                 ;
; Auto DSP Block Replacement                                                      ; On                 ; On                 ;
; Auto Shift Register Replacement                                                 ; Auto               ; Auto               ;
; Allow Shift Register Merging across Hierarchies                                 ; Auto               ; Auto               ;
; Auto Clock Enable Replacement                                                   ; On                 ; On                 ;
; Strict RAM Replacement                                                          ; Off                ; Off                ;
; Allow Synchronous Control Signals                                               ; On                 ; On                 ;
; Force Use of Synchronous Clear Signals                                          ; Off                ; Off                ;
; Auto Resource Sharing                                                           ; Off                ; Off                ;
; Allow Any RAM Size For Recognition                                              ; Off                ; Off                ;
; Allow Any ROM Size For Recognition                                              ; Off                ; Off                ;
; Allow Any Shift Register Size For Recognition                                   ; Off                ; Off                ;
; Use LogicLock Constraints during Resource Balancing                             ; On                 ; On                 ;
; Ignore translate_off and synthesis_off directives                               ; Off                ; Off                ;
; Timing-Driven Synthesis                                                         ; On                 ; On                 ;
; Report Parameter Settings                                                       ; On                 ; On                 ;
; Report Source Assignments                                                       ; On                 ; On                 ;
; Report Connectivity Checks                                                      ; On                 ; On                 ;
; Ignore Maximum Fan-Out Assignments                                              ; Off                ; Off                ;
; Synchronization Register Chain Length                                           ; 3                  ; 3                  ;
; Power Optimization During Synthesis                                             ; Normal compilation ; Normal compilation ;
; HDL message level                                                               ; Level2             ; Level2             ;
; Suppress Register Optimization Related Messages                                 ; Off                ; Off                ;
; Number of Removed Registers Reported in Synthesis Report                        ; 5000               ; 5000               ;
; Number of Swept Nodes Reported in Synthesis Report                              ; 5000               ; 5000               ;
; Number of Inverted Registers Reported in Synthesis Report                       ; 100                ; 100                ;
; Clock MUX Protection                                                            ; On                 ; On                 ;
; Auto Gated Clock Conversion                                                     ; Off                ; Off                ;
; Block Design Naming                                                             ; Auto               ; Auto               ;
; SDC constraint protection                                                       ; Off                ; Off                ;
; Synthesis Effort                                                                ; Auto               ; Auto               ;
; Shift Register Replacement - Allow Asynchronous Clear Signal                    ; On                 ; On                 ;
; Pre-Mapping Resynthesis Optimization                                            ; Off                ; Off                ;
; Analysis & Synthesis Message Level                                              ; Medium             ; Medium             ;
; Disable Register Merging Across Hierarchies                                     ; Auto               ; Auto               ;
; Resource Aware Inference For Block RAM                                          ; On                 ; On                 ;
; Automatic Parallel Synthesis                                                    ; On                 ; On                 ;
; Partial Reconfiguration Bitstream ID                                            ; Off                ; Off                ;
+---------------------------------------------------------------------------------+--------------------+--------------------+


+------------------------------------------+
; Parallel Compilation                     ;
+----------------------------+-------------+
; Processors                 ; Number      ;
+----------------------------+-------------+
; Number detected on machine ; 8           ;
; Maximum allowed            ; 4           ;
;                            ;             ;
; Average used               ; 1.00        ;
; Maximum used               ; 1           ;
;                            ;             ;
; Usage by Processor         ; % Time Used ;
;     Processor 1            ; 100.0%      ;
+----------------------------+-------------+


+--------------------------------------------------------------------------------------------------------------------------------------------------------+
; Analysis & Synthesis Source Files Read                                                                                                                 ;
+----------------------------------+-----------------+-----------------+-----------------------------------------------------------------------+---------+
; File Name with User-Entered Path ; Used in Netlist ; File Type       ; File Name with Absolute Path                                          ; Library ;
+----------------------------------+-----------------+-----------------+-----------------------------------------------------------------------+---------+
; conversorHex7Seg.vhd             ; yes             ; User VHDL File  ; C:/Users/lidia/6 SEM/mips_intermediario/conversorHex7Seg.vhd          ;         ;
; ULA_32bit.vhd                    ; yes             ; User VHDL File  ; C:/Users/lidia/6 SEM/mips_intermediario/ULA_32bit.vhd                 ;         ;
; ULA_1bit.vhd                     ; yes             ; User VHDL File  ; C:/Users/lidia/6 SEM/mips_intermediario/ULA_1bit.vhd                  ;         ;
; top_level.vhd                    ; yes             ; User VHDL File  ; C:/Users/lidia/6 SEM/mips_intermediario/top_level.vhd                 ;         ;
; Somador_1bit.vhd                 ; yes             ; User VHDL File  ; C:/Users/lidia/6 SEM/mips_intermediario/Somador_1bit.vhd              ;         ;
; somaConstante.vhd                ; yes             ; User VHDL File  ; C:/Users/lidia/6 SEM/mips_intermediario/somaConstante.vhd             ;         ;
; ROMMIPS.vhd                      ; yes             ; User VHDL File  ; C:/Users/lidia/6 SEM/mips_intermediario/ROMMIPS.vhd                   ;         ;
; registradorGenerico.vhd          ; yes             ; User VHDL File  ; C:/Users/lidia/6 SEM/mips_intermediario/registradorGenerico.vhd       ;         ;
; muxGenerico4x1.vhd               ; yes             ; User VHDL File  ; C:/Users/lidia/6 SEM/mips_intermediario/muxGenerico4x1.vhd            ;         ;
; muxGenerico2x1.vhd               ; yes             ; User VHDL File  ; C:/Users/lidia/6 SEM/mips_intermediario/muxGenerico2x1.vhd            ;         ;
; bancoReg.vhd                     ; yes             ; User VHDL File  ; C:/Users/lidia/6 SEM/mips_intermediario/bancoReg.vhd                  ;         ;
; RAMMIPS.vhd                      ; yes             ; User VHDL File  ; C:/Users/lidia/6 SEM/mips_intermediario/RAMMIPS.vhd                   ;         ;
; UnidadeControleFluxoDados.vhd    ; yes             ; User VHDL File  ; C:/Users/lidia/6 SEM/mips_intermediario/UnidadeControleFluxoDados.vhd ;         ;
; UnidadeControleULA.vhd           ; yes             ; User VHDL File  ; C:/Users/lidia/6 SEM/mips_intermediario/UnidadeControleULA.vhd        ;         ;
; estendeSinalGenerico.vhd         ; yes             ; User VHDL File  ; C:/Users/lidia/6 SEM/mips_intermediario/estendeSinalGenerico.vhd      ;         ;
; somadorGenerico.vhd              ; yes             ; User VHDL File  ; C:/Users/lidia/6 SEM/mips_intermediario/somadorGenerico.vhd           ;         ;
; muxGenerico2x1_32bit.vhd         ; yes             ; User VHDL File  ; C:/Users/lidia/6 SEM/mips_intermediario/muxGenerico2x1_32bit.vhd      ;         ;
+----------------------------------+-----------------+-----------------+-----------------------------------------------------------------------+---------+


+-----------------------------------------------------------+
; Analysis & Synthesis Resource Usage Summary               ;
+---------------------------------------------+-------------+
; Resource                                    ; Usage       ;
+---------------------------------------------+-------------+
; Estimate of Logic utilization (ALMs needed) ; 0           ;
;                                             ;             ;
; Combinational ALUT usage for logic          ; 0           ;
;     -- 7 input functions                    ; 0           ;
;     -- 6 input functions                    ; 0           ;
;     -- 5 input functions                    ; 0           ;
;     -- 4 input functions                    ; 0           ;
;     -- <=3 input functions                  ; 0           ;
;                                             ;             ;
; Dedicated logic registers                   ; 0           ;
;                                             ;             ;
; I/O pins                                    ; 67          ;
;                                             ;             ;
; Total DSP Blocks                            ; 0           ;
;                                             ;             ;
; Maximum fan-out node                        ; SW[0]~input ;
; Maximum fan-out                             ; 3           ;
; Total fan-out                               ; 70          ;
; Average fan-out                             ; 0.52        ;
+---------------------------------------------+-------------+


+----------------------------------------------------------------------------------------------------------------------------------------------------------------------------------------+
; Analysis & Synthesis Resource Utilization by Entity                                                                                                                                    ;
+----------------------------+---------------------+---------------------------+-------------------+------------+------+--------------+---------------------+-------------+--------------+
; Compilation Hierarchy Node ; Combinational ALUTs ; Dedicated Logic Registers ; Block Memory Bits ; DSP Blocks ; Pins ; Virtual Pins ; Full Hierarchy Name ; Entity Name ; Library Name ;
+----------------------------+---------------------+---------------------------+-------------------+------------+------+--------------+---------------------+-------------+--------------+
; |top_level                 ; 0 (0)               ; 0 (0)                     ; 0                 ; 0          ; 67   ; 0            ; |top_level          ; top_level   ; work         ;
+----------------------------+---------------------+---------------------------+-------------------+------------+------+--------------+---------------------+-------------+--------------+
Note: For table entries with two numbers listed, the numbers in parentheses indicate the number of resources of the given type used by the specific entity alone. The numbers listed outside of parentheses indicate the total resources of the given type used by the specific entity and all of its sub-entities in the hierarchy.


+---------------------------------------------------------------------------------+
; Registers Removed During Synthesis                                              ;
+----------------------------------------+----------------------------------------+
; Register name                          ; Reason for Removal                     ;
+----------------------------------------+----------------------------------------+
; registradorGenerico:PC|DOUT[0..31]     ; Stuck at GND due to stuck port data_in ;
; Total Number of Removed Registers = 32 ;                                        ;
+----------------------------------------+----------------------------------------+


+------------------------------------------------------+
; General Register Statistics                          ;
+----------------------------------------------+-------+
; Statistic                                    ; Value ;
+----------------------------------------------+-------+
; Total registers                              ; 0     ;
; Number of registers using Synchronous Clear  ; 0     ;
; Number of registers using Synchronous Load   ; 0     ;
; Number of registers using Asynchronous Clear ; 0     ;
; Number of registers using Asynchronous Load  ; 0     ;
; Number of registers using Clock Enable       ; 0     ;
; Number of registers using Preset             ; 0     ;
+----------------------------------------------+-------+


+---------------------------------------------------------------------------------------------------------------------------------------------------------------------------------------+
; Multiplexer Restructuring Statistics (Restructuring Performed)                                                                                                                        ;
+--------------------+-----------+---------------+----------------------+------------------------+------------+-------------------------------------------------------------------------+
; Multiplexer Inputs ; Bus Width ; Baseline Area ; Area if Restructured ; Saving if Restructured ; Registered ; Example Multiplexer Output                                              ;
+--------------------+-----------+---------------+----------------------+------------------------+------------+-------------------------------------------------------------------------+
; 3:1                ; 2 bits    ; 4 LEs         ; 0 LEs                ; 4 LEs                  ; No         ; |top_level|muxGenerico2x1_32bit:muxULA_entrada|saida_MUX[1]             ;
; 3:1                ; 30 bits   ; 60 LEs        ; 0 LEs                ; 60 LEs                 ; No         ; |top_level|muxGenerico2x1_32bit:muxULA_entrada|saida_MUX[10]            ;
; 4:1                ; 31 bits   ; 62 LEs        ; 62 LEs               ; 0 LEs                  ; No         ; |top_level|ULA_32bit:ULA|ULA_1bit:Bit2|muxGenerico4x1:MUX_ULA|saida_MUX ;
+--------------------+-----------+---------------+----------------------+------------------------+------------+-------------------------------------------------------------------------+


+---------------------------------------------------------------------------+
; Parameter Settings for User Entity Instance: Top-level Entity: |top_level ;
+------------------+-------+------------------------------------------------+
; Parameter Name   ; Value ; Type                                           ;
+------------------+-------+------------------------------------------------+
; larguraEnderecos ; 3     ; Signed Integer                                 ;
+------------------+-------+------------------------------------------------+
Note: In order to hide this table in the UI and the text report file, please set the "Show Parameter Settings in Synthesis Report" option in "Analysis and Synthesis Settings -> More Settings" to "Off".


+---------------------------------------------------------------------+
; Parameter Settings for User Entity Instance: registradorGenerico:PC ;
+----------------+-------+--------------------------------------------+
; Parameter Name ; Value ; Type                                       ;
+----------------+-------+--------------------------------------------+
; larguradados   ; 32    ; Signed Integer                             ;
+----------------+-------+--------------------------------------------+
Note: In order to hide this table in the UI and the text report file, please set the "Show Parameter Settings in Synthesis Report" option in "Analysis and Synthesis Settings -> More Settings" to "Off".


+-------------------------------------------------------------------------+
; Parameter Settings for User Entity Instance: somaConstante:incrementaPC ;
+----------------+-------+------------------------------------------------+
; Parameter Name ; Value ; Type                                           ;
+----------------+-------+------------------------------------------------+
; larguradados   ; 32    ; Signed Integer                                 ;
; constante      ; 4     ; Signed Integer                                 ;
+----------------+-------+------------------------------------------------+
Note: In order to hide this table in the UI and the text report file, please set the "Show Parameter Settings in Synthesis Report" option in "Analysis and Synthesis Settings -> More Settings" to "Off".


+----------------------------------------------------------+
; Parameter Settings for User Entity Instance: ROMMIPS:ROM ;
+-----------------+-------+--------------------------------+
; Parameter Name  ; Value ; Type                           ;
+-----------------+-------+--------------------------------+
; datawidth       ; 32    ; Signed Integer                 ;
; addrwidth       ; 32    ; Signed Integer                 ;
; memoryaddrwidth ; 6     ; Signed Integer                 ;
+-----------------+-------+--------------------------------+
Note: In order to hide this table in the UI and the text report file, please set the "Show Parameter Settings in Synthesis Report" option in "Analysis and Synthesis Settings -> More Settings" to "Off".


+----------------------------------------------------------+
; Parameter Settings for User Entity Instance: RAMMIPS:RAM ;
+-----------------+-------+--------------------------------+
; Parameter Name  ; Value ; Type                           ;
+-----------------+-------+--------------------------------+
; datawidth       ; 32    ; Signed Integer                 ;
; addrwidth       ; 32    ; Signed Integer                 ;
; memoryaddrwidth ; 6     ; Signed Integer                 ;
+-----------------+-------+--------------------------------+
Note: In order to hide this table in the UI and the text report file, please set the "Show Parameter Settings in Synthesis Report" option in "Analysis and Synthesis Settings -> More Settings" to "Off".


+----------------------------------------------------------------------------+
; Parameter Settings for User Entity Instance: muxGenerico2x1_32bit:muxRT_RD ;
+----------------+-------+---------------------------------------------------+
; Parameter Name ; Value ; Type                                              ;
+----------------+-------+---------------------------------------------------+
; larguradados   ; 5     ; Signed Integer                                    ;
+----------------+-------+---------------------------------------------------+
Note: In order to hide this table in the UI and the text report file, please set the "Show Parameter Settings in Synthesis Report" option in "Analysis and Synthesis Settings -> More Settings" to "Off".


+-------------------------------------------------------------+
; Parameter Settings for User Entity Instance: bancoReg:banco ;
+---------------------+-------+-------------------------------+
; Parameter Name      ; Value ; Type                          ;
+---------------------+-------+-------------------------------+
; larguradados        ; 32    ; Signed Integer                ;
; larguraendbancoregs ; 5     ; Signed Integer                ;
+---------------------+-------+-------------------------------+
Note: In order to hide this table in the UI and the text report file, please set the "Show Parameter Settings in Synthesis Report" option in "Analysis and Synthesis Settings -> More Settings" to "Off".


+------------------------------------------------------------------------------+
; Parameter Settings for User Entity Instance: muxGenerico2x1_32bit:muxULA_mem ;
+----------------+-------+-----------------------------------------------------+
; Parameter Name ; Value ; Type                                                ;
+----------------+-------+-----------------------------------------------------+
; larguradados   ; 32    ; Signed Integer                                      ;
+----------------+-------+-----------------------------------------------------+
Note: In order to hide this table in the UI and the text report file, please set the "Show Parameter Settings in Synthesis Report" option in "Analysis and Synthesis Settings -> More Settings" to "Off".


+----------------------------------------------------------------------------------+
; Parameter Settings for User Entity Instance: muxGenerico2x1_32bit:muxULA_entrada ;
+----------------+-------+---------------------------------------------------------+
; Parameter Name ; Value ; Type                                                    ;
+----------------+-------+---------------------------------------------------------+
; larguradados   ; 32    ; Signed Integer                                          ;
+----------------+-------+---------------------------------------------------------+
Note: In order to hide this table in the UI and the text report file, please set the "Show Parameter Settings in Synthesis Report" option in "Analysis and Synthesis Settings -> More Settings" to "Off".


+-----------------------------------------------------------------------------+
; Parameter Settings for User Entity Instance: muxGenerico2x1_32bit:mux_right ;
+----------------+-------+----------------------------------------------------+
; Parameter Name ; Value ; Type                                               ;
+----------------+-------+----------------------------------------------------+
; larguradados   ; 32    ; Signed Integer                                     ;
+----------------+-------+----------------------------------------------------+
Note: In order to hide this table in the UI and the text report file, please set the "Show Parameter Settings in Synthesis Report" option in "Analysis and Synthesis Settings -> More Settings" to "Off".


+----------------------------------------------------------------------------+
; Parameter Settings for User Entity Instance: muxGenerico2x1_32bit:mux_left ;
+----------------+-------+---------------------------------------------------+
; Parameter Name ; Value ; Type                                              ;
+----------------+-------+---------------------------------------------------+
; larguradados   ; 32    ; Signed Integer                                    ;
+----------------+-------+---------------------------------------------------+
Note: In order to hide this table in the UI and the text report file, please set the "Show Parameter Settings in Synthesis Report" option in "Analysis and Synthesis Settings -> More Settings" to "Off".


+--------------------------------------------------------------------------------+
; Parameter Settings for User Entity Instance: estendeSinalGenerico:estendeSinal ;
+--------------------+-------+---------------------------------------------------+
; Parameter Name     ; Value ; Type                                              ;
+--------------------+-------+---------------------------------------------------+
; larguradadoentrada ; 16    ; Signed Integer                                    ;
; larguradadosaida   ; 32    ; Signed Integer                                    ;
+--------------------+-------+---------------------------------------------------+
Note: In order to hide this table in the UI and the text report file, please set the "Show Parameter Settings in Synthesis Report" option in "Analysis and Synthesis Settings -> More Settings" to "Off".


+----------------------------------------------------------------------+
; Parameter Settings for User Entity Instance: somadorGenerico:somador ;
+----------------+-------+---------------------------------------------+
; Parameter Name ; Value ; Type                                        ;
+----------------+-------+---------------------------------------------+
; larguradados   ; 32    ; Signed Integer                              ;
+----------------+-------+---------------------------------------------+
Note: In order to hide this table in the UI and the text report file, please set the "Show Parameter Settings in Synthesis Report" option in "Analysis and Synthesis Settings -> More Settings" to "Off".


+---------------------------------------------------------------------------+
; Parameter Settings for User Entity Instance: muxGenerico2x1_32bit:mux_top ;
+----------------+-------+--------------------------------------------------+
; Parameter Name ; Value ; Type                                             ;
+----------------+-------+--------------------------------------------------+
; larguradados   ; 32    ; Signed Integer                                   ;
+----------------+-------+--------------------------------------------------+
Note: In order to hide this table in the UI and the text report file, please set the "Show Parameter Settings in Synthesis Report" option in "Analysis and Synthesis Settings -> More Settings" to "Off".


+-----------------------------------------------------------+
; Port Connectivity Checks: "conversorHex7Seg:Decoder_HEX5" ;
+----------+-------+----------+-----------------------------+
; Port     ; Type  ; Severity ; Details                     ;
+----------+-------+----------+-----------------------------+
; apaga    ; Input ; Info     ; Stuck at GND                ;
; negativo ; Input ; Info     ; Stuck at GND                ;
; overflow ; Input ; Info     ; Stuck at GND                ;
+----------+-------+----------+-----------------------------+


+-----------------------------------------------------------+
; Port Connectivity Checks: "conversorHex7Seg:Decoder_HEX4" ;
+----------+-------+----------+-----------------------------+
; Port     ; Type  ; Severity ; Details                     ;
+----------+-------+----------+-----------------------------+
; apaga    ; Input ; Info     ; Stuck at GND                ;
; negativo ; Input ; Info     ; Stuck at GND                ;
; overflow ; Input ; Info     ; Stuck at GND                ;
+----------+-------+----------+-----------------------------+


+-----------------------------------------------------------+
; Port Connectivity Checks: "conversorHex7Seg:Decoder_HEX3" ;
+----------+-------+----------+-----------------------------+
; Port     ; Type  ; Severity ; Details                     ;
+----------+-------+----------+-----------------------------+
; apaga    ; Input ; Info     ; Stuck at GND                ;
; negativo ; Input ; Info     ; Stuck at GND                ;
; overflow ; Input ; Info     ; Stuck at GND                ;
+----------+-------+----------+-----------------------------+


+-----------------------------------------------------------+
; Port Connectivity Checks: "conversorHex7Seg:Decoder_HEX2" ;
+----------+-------+----------+-----------------------------+
; Port     ; Type  ; Severity ; Details                     ;
+----------+-------+----------+-----------------------------+
; apaga    ; Input ; Info     ; Stuck at GND                ;
; negativo ; Input ; Info     ; Stuck at GND                ;
; overflow ; Input ; Info     ; Stuck at GND                ;
+----------+-------+----------+-----------------------------+


+-----------------------------------------------------------+
; Port Connectivity Checks: "conversorHex7Seg:Decoder_HEX1" ;
+----------+-------+----------+-----------------------------+
; Port     ; Type  ; Severity ; Details                     ;
+----------+-------+----------+-----------------------------+
; apaga    ; Input ; Info     ; Stuck at GND                ;
; negativo ; Input ; Info     ; Stuck at GND                ;
; overflow ; Input ; Info     ; Stuck at GND                ;
+----------+-------+----------+-----------------------------+


+-----------------------------------------------------------+
; Port Connectivity Checks: "conversorHex7Seg:Decoder_HEX0" ;
+----------+-------+----------+-----------------------------+
; Port     ; Type  ; Severity ; Details                     ;
+----------+-------+----------+-----------------------------+
; apaga    ; Input ; Info     ; Stuck at GND                ;
; negativo ; Input ; Info     ; Stuck at GND                ;
; overflow ; Input ; Info     ; Stuck at GND                ;
+----------+-------+----------+-----------------------------+


+-----------------------------------------------------+
; Port Connectivity Checks: "somadorGenerico:somador" ;
+----------------+-------+----------+-----------------+
; Port           ; Type  ; Severity ; Details         ;
+----------------+-------+----------+-----------------+
; entradab[1..0] ; Input ; Info     ; Stuck at GND    ;
+----------------+-------+----------+-----------------+


+------------------------------------------------------------------------------------------------------------------------------------+
; Port Connectivity Checks: "estendeSinalGenerico:estendeSinal"                                                                      ;
+--------------------------+--------+----------+-------------------------------------------------------------------------------------+
; Port                     ; Type   ; Severity ; Details                                                                             ;
+--------------------------+--------+----------+-------------------------------------------------------------------------------------+
; estendesinal_out[31..30] ; Output ; Info     ; Connected to dangling logic. Logic that only feeds a dangling port will be removed. ;
+--------------------------+--------+----------+-------------------------------------------------------------------------------------+


+----------------------------------------------------------+
; Port Connectivity Checks: "ULA_32bit:ULA|ULA_1bit:Bit31" ;
+------+-------+----------+--------------------------------+
; Port ; Type  ; Severity ; Details                        ;
+------+-------+----------+--------------------------------+
; slt  ; Input ; Info     ; Stuck at GND                   ;
+------+-------+----------+--------------------------------+


+----------------------------------------------------------+
; Port Connectivity Checks: "ULA_32bit:ULA|ULA_1bit:Bit30" ;
+------+-------+----------+--------------------------------+
; Port ; Type  ; Severity ; Details                        ;
+------+-------+----------+--------------------------------+
; slt  ; Input ; Info     ; Stuck at GND                   ;
+------+-------+----------+--------------------------------+


+----------------------------------------------------------+
; Port Connectivity Checks: "ULA_32bit:ULA|ULA_1bit:Bit29" ;
+------+-------+----------+--------------------------------+
; Port ; Type  ; Severity ; Details                        ;
+------+-------+----------+--------------------------------+
; slt  ; Input ; Info     ; Stuck at GND                   ;
+------+-------+----------+--------------------------------+


+----------------------------------------------------------+
; Port Connectivity Checks: "ULA_32bit:ULA|ULA_1bit:Bit28" ;
+------+-------+----------+--------------------------------+
; Port ; Type  ; Severity ; Details                        ;
+------+-------+----------+--------------------------------+
; slt  ; Input ; Info     ; Stuck at GND                   ;
+------+-------+----------+--------------------------------+


+----------------------------------------------------------+
; Port Connectivity Checks: "ULA_32bit:ULA|ULA_1bit:Bit27" ;
+------+-------+----------+--------------------------------+
; Port ; Type  ; Severity ; Details                        ;
+------+-------+----------+--------------------------------+
; slt  ; Input ; Info     ; Stuck at GND                   ;
+------+-------+----------+--------------------------------+


+----------------------------------------------------------+
; Port Connectivity Checks: "ULA_32bit:ULA|ULA_1bit:Bit26" ;
+------+-------+----------+--------------------------------+
; Port ; Type  ; Severity ; Details                        ;
+------+-------+----------+--------------------------------+
; slt  ; Input ; Info     ; Stuck at GND                   ;
+------+-------+----------+--------------------------------+


+----------------------------------------------------------+
; Port Connectivity Checks: "ULA_32bit:ULA|ULA_1bit:Bit25" ;
+------+-------+----------+--------------------------------+
; Port ; Type  ; Severity ; Details                        ;
+------+-------+----------+--------------------------------+
; slt  ; Input ; Info     ; Stuck at GND                   ;
+------+-------+----------+--------------------------------+


+----------------------------------------------------------+
; Port Connectivity Checks: "ULA_32bit:ULA|ULA_1bit:Bit24" ;
+------+-------+----------+--------------------------------+
; Port ; Type  ; Severity ; Details                        ;
+------+-------+----------+--------------------------------+
; slt  ; Input ; Info     ; Stuck at GND                   ;
+------+-------+----------+--------------------------------+


+----------------------------------------------------------+
; Port Connectivity Checks: "ULA_32bit:ULA|ULA_1bit:Bit23" ;
+------+-------+----------+--------------------------------+
; Port ; Type  ; Severity ; Details                        ;
+------+-------+----------+--------------------------------+
; slt  ; Input ; Info     ; Stuck at GND                   ;
+------+-------+----------+--------------------------------+


+----------------------------------------------------------+
; Port Connectivity Checks: "ULA_32bit:ULA|ULA_1bit:Bit22" ;
+------+-------+----------+--------------------------------+
; Port ; Type  ; Severity ; Details                        ;
+------+-------+----------+--------------------------------+
; slt  ; Input ; Info     ; Stuck at GND                   ;
+------+-------+----------+--------------------------------+


+----------------------------------------------------------+
; Port Connectivity Checks: "ULA_32bit:ULA|ULA_1bit:Bit21" ;
+------+-------+----------+--------------------------------+
; Port ; Type  ; Severity ; Details                        ;
+------+-------+----------+--------------------------------+
; slt  ; Input ; Info     ; Stuck at GND                   ;
+------+-------+----------+--------------------------------+


+----------------------------------------------------------+
; Port Connectivity Checks: "ULA_32bit:ULA|ULA_1bit:Bit20" ;
+------+-------+----------+--------------------------------+
; Port ; Type  ; Severity ; Details                        ;
+------+-------+----------+--------------------------------+
; slt  ; Input ; Info     ; Stuck at GND                   ;
+------+-------+----------+--------------------------------+


+----------------------------------------------------------+
; Port Connectivity Checks: "ULA_32bit:ULA|ULA_1bit:Bit19" ;
+------+-------+----------+--------------------------------+
; Port ; Type  ; Severity ; Details                        ;
+------+-------+----------+--------------------------------+
; slt  ; Input ; Info     ; Stuck at GND                   ;
+------+-------+----------+--------------------------------+


+----------------------------------------------------------+
; Port Connectivity Checks: "ULA_32bit:ULA|ULA_1bit:Bit18" ;
+------+-------+----------+--------------------------------+
; Port ; Type  ; Severity ; Details                        ;
+------+-------+----------+--------------------------------+
; slt  ; Input ; Info     ; Stuck at GND                   ;
+------+-------+----------+--------------------------------+


+----------------------------------------------------------+
; Port Connectivity Checks: "ULA_32bit:ULA|ULA_1bit:Bit17" ;
+------+-------+----------+--------------------------------+
; Port ; Type  ; Severity ; Details                        ;
+------+-------+----------+--------------------------------+
; slt  ; Input ; Info     ; Stuck at GND                   ;
+------+-------+----------+--------------------------------+


+----------------------------------------------------------+
; Port Connectivity Checks: "ULA_32bit:ULA|ULA_1bit:Bit16" ;
+------+-------+----------+--------------------------------+
; Port ; Type  ; Severity ; Details                        ;
+------+-------+----------+--------------------------------+
; slt  ; Input ; Info     ; Stuck at GND                   ;
+------+-------+----------+--------------------------------+


+----------------------------------------------------------+
; Port Connectivity Checks: "ULA_32bit:ULA|ULA_1bit:Bit15" ;
+------+-------+----------+--------------------------------+
; Port ; Type  ; Severity ; Details                        ;
+------+-------+----------+--------------------------------+
; slt  ; Input ; Info     ; Stuck at GND                   ;
+------+-------+----------+--------------------------------+


+----------------------------------------------------------+
; Port Connectivity Checks: "ULA_32bit:ULA|ULA_1bit:Bit14" ;
+------+-------+----------+--------------------------------+
; Port ; Type  ; Severity ; Details                        ;
+------+-------+----------+--------------------------------+
; slt  ; Input ; Info     ; Stuck at GND                   ;
+------+-------+----------+--------------------------------+


+----------------------------------------------------------+
; Port Connectivity Checks: "ULA_32bit:ULA|ULA_1bit:Bit13" ;
+------+-------+----------+--------------------------------+
; Port ; Type  ; Severity ; Details                        ;
+------+-------+----------+--------------------------------+
; slt  ; Input ; Info     ; Stuck at GND                   ;
+------+-------+----------+--------------------------------+


+----------------------------------------------------------+
; Port Connectivity Checks: "ULA_32bit:ULA|ULA_1bit:Bit12" ;
+------+-------+----------+--------------------------------+
; Port ; Type  ; Severity ; Details                        ;
+------+-------+----------+--------------------------------+
; slt  ; Input ; Info     ; Stuck at GND                   ;
+------+-------+----------+--------------------------------+


+----------------------------------------------------------+
; Port Connectivity Checks: "ULA_32bit:ULA|ULA_1bit:Bit11" ;
+------+-------+----------+--------------------------------+
; Port ; Type  ; Severity ; Details                        ;
+------+-------+----------+--------------------------------+
; slt  ; Input ; Info     ; Stuck at GND                   ;
+------+-------+----------+--------------------------------+


+----------------------------------------------------------+
; Port Connectivity Checks: "ULA_32bit:ULA|ULA_1bit:Bit10" ;
+------+-------+----------+--------------------------------+
; Port ; Type  ; Severity ; Details                        ;
+------+-------+----------+--------------------------------+
; slt  ; Input ; Info     ; Stuck at GND                   ;
+------+-------+----------+--------------------------------+


+---------------------------------------------------------+
; Port Connectivity Checks: "ULA_32bit:ULA|ULA_1bit:Bit9" ;
+------+-------+----------+-------------------------------+
; Port ; Type  ; Severity ; Details                       ;
+------+-------+----------+-------------------------------+
; slt  ; Input ; Info     ; Stuck at GND                  ;
+------+-------+----------+-------------------------------+


+---------------------------------------------------------+
; Port Connectivity Checks: "ULA_32bit:ULA|ULA_1bit:Bit8" ;
+------+-------+----------+-------------------------------+
; Port ; Type  ; Severity ; Details                       ;
+------+-------+----------+-------------------------------+
; slt  ; Input ; Info     ; Stuck at GND                  ;
+------+-------+----------+-------------------------------+


+---------------------------------------------------------+
; Port Connectivity Checks: "ULA_32bit:ULA|ULA_1bit:Bit7" ;
+------+-------+----------+-------------------------------+
; Port ; Type  ; Severity ; Details                       ;
+------+-------+----------+-------------------------------+
; slt  ; Input ; Info     ; Stuck at GND                  ;
+------+-------+----------+-------------------------------+


+---------------------------------------------------------+
; Port Connectivity Checks: "ULA_32bit:ULA|ULA_1bit:Bit6" ;
+------+-------+----------+-------------------------------+
; Port ; Type  ; Severity ; Details                       ;
+------+-------+----------+-------------------------------+
; slt  ; Input ; Info     ; Stuck at GND                  ;
+------+-------+----------+-------------------------------+


+---------------------------------------------------------+
; Port Connectivity Checks: "ULA_32bit:ULA|ULA_1bit:Bit5" ;
+------+-------+----------+-------------------------------+
; Port ; Type  ; Severity ; Details                       ;
+------+-------+----------+-------------------------------+
; slt  ; Input ; Info     ; Stuck at GND                  ;
+------+-------+----------+-------------------------------+


+---------------------------------------------------------+
; Port Connectivity Checks: "ULA_32bit:ULA|ULA_1bit:Bit4" ;
+------+-------+----------+-------------------------------+
; Port ; Type  ; Severity ; Details                       ;
+------+-------+----------+-------------------------------+
; slt  ; Input ; Info     ; Stuck at GND                  ;
+------+-------+----------+-------------------------------+


+---------------------------------------------------------+
; Port Connectivity Checks: "ULA_32bit:ULA|ULA_1bit:Bit3" ;
+------+-------+----------+-------------------------------+
; Port ; Type  ; Severity ; Details                       ;
+------+-------+----------+-------------------------------+
; slt  ; Input ; Info     ; Stuck at GND                  ;
+------+-------+----------+-------------------------------+


+---------------------------------------------------------+
; Port Connectivity Checks: "ULA_32bit:ULA|ULA_1bit:Bit2" ;
+------+-------+----------+-------------------------------+
; Port ; Type  ; Severity ; Details                       ;
+------+-------+----------+-------------------------------+
; slt  ; Input ; Info     ; Stuck at GND                  ;
+------+-------+----------+-------------------------------+


+---------------------------------------------------------+
; Port Connectivity Checks: "ULA_32bit:ULA|ULA_1bit:Bit1" ;
+------+-------+----------+-------------------------------+
; Port ; Type  ; Severity ; Details                       ;
+------+-------+----------+-------------------------------+
; slt  ; Input ; Info     ; Stuck at GND                  ;
+------+-------+----------+-------------------------------+


+-----------------------------------------------------------------------------------------------------------------+
; Port Connectivity Checks: "ULA_32bit:ULA"                                                                       ;
+-------+--------+----------+-------------------------------------------------------------------------------------+
; Port  ; Type   ; Severity ; Details                                                                             ;
+-------+--------+----------+-------------------------------------------------------------------------------------+
; f_out ; Output ; Info     ; Connected to dangling logic. Logic that only feeds a dangling port will be removed. ;
+-------+--------+----------+-------------------------------------------------------------------------------------+


+-----------------------------------------------------------+
; Port Connectivity Checks: "muxGenerico2x1_32bit:mux_left" ;
+--------------------+-------+----------+-------------------+
; Port               ; Type  ; Severity ; Details           ;
+--------------------+-------+----------+-------------------+
; entradab_mux[1..0] ; Input ; Info     ; Stuck at GND      ;
+--------------------+-------+----------+-------------------+


+------------------------------------------------------------+
; Port Connectivity Checks: "muxGenerico2x1_32bit:mux_right" ;
+-------------+-------+----------+---------------------------+
; Port        ; Type  ; Severity ; Details                   ;
+-------------+-------+----------+---------------------------+
; seletor_mux ; Input ; Info     ; Stuck at GND              ;
+-------------+-------+----------+---------------------------+


+-----------------------------------------------------------------+
; Port Connectivity Checks: "muxGenerico2x1_32bit:muxULA_entrada" ;
+--------------------+-------+----------+-------------------------+
; Port               ; Type  ; Severity ; Details                 ;
+--------------------+-------+----------+-------------------------+
; entradab_mux[1..0] ; Input ; Info     ; Stuck at GND            ;
+--------------------+-------+----------+-------------------------+


+--------------------------------------------------------------------------------------------------------------------------------+
; Port Connectivity Checks: "UnidadeControleFluxoDados:UC"                                                                       ;
+----------------------+--------+----------+-------------------------------------------------------------------------------------+
; Port                 ; Type   ; Severity ; Details                                                                             ;
+----------------------+--------+----------+-------------------------------------------------------------------------------------+
; saida_controle[7..6] ; Output ; Info     ; Connected to dangling logic. Logic that only feeds a dangling port will be removed. ;
; saida_controle[9]    ; Output ; Info     ; Connected to dangling logic. Logic that only feeds a dangling port will be removed. ;
; saida_controle[2]    ; Output ; Info     ; Connected to dangling logic. Logic that only feeds a dangling port will be removed. ;
+----------------------+--------+----------+-------------------------------------------------------------------------------------+


+--------------------------------------------+
; Port Connectivity Checks: "RAMMIPS:RAM"    ;
+----------+-------+----------+--------------+
; Port     ; Type  ; Severity ; Details      ;
+----------+-------+----------+--------------+
; habilita ; Input ; Info     ; Stuck at VCC ;
+----------+-------+----------+--------------+


+----------------------------------------------------+
; Port Connectivity Checks: "registradorGenerico:PC" ;
+--------+-------+----------+------------------------+
; Port   ; Type  ; Severity ; Details                ;
+--------+-------+----------+------------------------+
; enable ; Input ; Info     ; Stuck at VCC           ;
; rst    ; Input ; Info     ; Stuck at GND           ;
+--------+-------+----------+------------------------+


+-----------------------------------------------------+
; Post-Synthesis Netlist Statistics for Top Partition ;
+-----------------------+-----------------------------+
; Type                  ; Count                       ;
+-----------------------+-----------------------------+
; arriav_lcell_comb     ; 3                           ;
;     normal            ; 3                           ;
;         0 data inputs ; 2                           ;
;         1 data inputs ; 1                           ;
; boundary_port         ; 67                          ;
;                       ;                             ;
; Max LUT depth         ; 1.00                        ;
; Average LUT depth     ; 0.50                        ;
+-----------------------+-----------------------------+


+-------------------------------+
; Elapsed Time Per Partition    ;
+----------------+--------------+
; Partition Name ; Elapsed Time ;
+----------------+--------------+
; Top            ; 00:00:00     ;
+----------------+--------------+


+-------------------------------+
; Analysis & Synthesis Messages ;
+-------------------------------+
Info: *******************************************************************
Info: Running Quartus Prime Analysis & Synthesis
    Info: Version 20.1.0 Build 711 06/05/2020 SJ Lite Edition
    Info: Processing started: Mon May 22 18:58:43 2023
Info: Command: quartus_map --read_settings_files=on --write_settings_files=off mips_A -c mips_A
Warning (18236): Number of processors has not been specified which may cause overloading on shared machines.  Set the global assignment NUM_PARALLEL_PROCESSORS in your QSF to an appropriate value for best performance.
Info (20030): Parallel compilation is enabled and will use 4 of the 4 processors detected
Info (12021): Found 3 design units, including 1 entities, in source file edgedetector.vhd
    Info (12022): Found design unit 1: edgeDetector-bordaSubida File: C:/Users/lidia/6 SEM/mips_intermediario/edgeDetector.vhd Line: 10
    Info (12022): Found design unit 2: edgeDetector-bordaDescida File: C:/Users/lidia/6 SEM/mips_intermediario/edgeDetector.vhd Line: 23
    Info (12023): Found entity 1: edgeDetector File: C:/Users/lidia/6 SEM/mips_intermediario/edgeDetector.vhd Line: 4
Info (12021): Found 2 design units, including 1 entities, in source file conversorhex7seg.vhd
    Info (12022): Found design unit 1: conversorHex7Seg-comportamento File: C:/Users/lidia/6 SEM/mips_intermediario/conversorHex7Seg.vhd Line: 17
    Info (12023): Found entity 1: conversorHex7Seg File: C:/Users/lidia/6 SEM/mips_intermediario/conversorHex7Seg.vhd Line: 4
Info (12021): Found 2 design units, including 1 entities, in source file ula_32bit.vhd
    Info (12022): Found design unit 1: ULA_32bit-comportamento File: C:/Users/lidia/6 SEM/mips_intermediario/ULA_32bit.vhd Line: 15
    Info (12023): Found entity 1: ULA_32bit File: C:/Users/lidia/6 SEM/mips_intermediario/ULA_32bit.vhd Line: 5
Info (12021): Found 2 design units, including 1 entities, in source file ula_1bit.vhd
    Info (12022): Found design unit 1: ULA_1bit-comportamento File: C:/Users/lidia/6 SEM/mips_intermediario/ULA_1bit.vhd Line: 17
    Info (12023): Found entity 1: ULA_1bit File: C:/Users/lidia/6 SEM/mips_intermediario/ULA_1bit.vhd Line: 5
Info (12021): Found 2 design units, including 1 entities, in source file top_level.vhd
    Info (12022): Found design unit 1: top_level-arquitetura File: C:/Users/lidia/6 SEM/mips_intermediario/top_level.vhd Line: 23
    Info (12023): Found entity 1: top_level File: C:/Users/lidia/6 SEM/mips_intermediario/top_level.vhd Line: 4
Info (12021): Found 2 design units, including 1 entities, in source file somador_1bit.vhd
    Info (12022): Found design unit 1: Somador_1bit-arquitetura File: C:/Users/lidia/6 SEM/mips_intermediario/Somador_1bit.vhd Line: 15
    Info (12023): Found entity 1: Somador_1bit File: C:/Users/lidia/6 SEM/mips_intermediario/Somador_1bit.vhd Line: 5
Info (12021): Found 2 design units, including 1 entities, in source file somaconstante.vhd
    Info (12022): Found design unit 1: somaConstante-comportamento File: C:/Users/lidia/6 SEM/mips_intermediario/somaConstante.vhd Line: 19
    Info (12023): Found entity 1: somaConstante File: C:/Users/lidia/6 SEM/mips_intermediario/somaConstante.vhd Line: 6
Info (12021): Found 2 design units, including 1 entities, in source file rommips.vhd
    Info (12022): Found design unit 1: ROMMIPS-assincrona File: C:/Users/lidia/6 SEM/mips_intermediario/ROMMIPS.vhd Line: 15
    Info (12023): Found entity 1: ROMMIPS File: C:/Users/lidia/6 SEM/mips_intermediario/ROMMIPS.vhd Line: 5
Info (12021): Found 2 design units, including 1 entities, in source file registradorgenerico.vhd
    Info (12022): Found design unit 1: registradorGenerico-comportamento File: C:/Users/lidia/6 SEM/mips_intermediario/registradorGenerico.vhd Line: 15
    Info (12023): Found entity 1: registradorGenerico File: C:/Users/lidia/6 SEM/mips_intermediario/registradorGenerico.vhd Line: 4
Info (12021): Found 2 design units, including 1 entities, in source file muxgenerico4x1.vhd
    Info (12022): Found design unit 1: muxGenerico4x1-comportamento File: C:/Users/lidia/6 SEM/mips_intermediario/muxGenerico4x1.vhd Line: 13
    Info (12023): Found entity 1: muxGenerico4x1 File: C:/Users/lidia/6 SEM/mips_intermediario/muxGenerico4x1.vhd Line: 4
Info (12021): Found 2 design units, including 1 entities, in source file muxgenerico2x1.vhd
    Info (12022): Found design unit 1: muxGenerico2x1-comportamento File: C:/Users/lidia/6 SEM/mips_intermediario/muxGenerico2x1.vhd Line: 14
    Info (12023): Found entity 1: muxGenerico2x1 File: C:/Users/lidia/6 SEM/mips_intermediario/muxGenerico2x1.vhd Line: 5
Info (12021): Found 2 design units, including 1 entities, in source file bancoreg.vhd
    Info (12022): Found design unit 1: bancoReg-comportamento File: C:/Users/lidia/6 SEM/mips_intermediario/bancoReg.vhd Line: 30
    Info (12023): Found entity 1: bancoReg File: C:/Users/lidia/6 SEM/mips_intermediario/bancoReg.vhd Line: 7
Info (12021): Found 2 design units, including 1 entities, in source file rammips.vhd
    Info (12022): Found design unit 1: RAMMIPS-assincrona File: C:/Users/lidia/6 SEM/mips_intermediario/RAMMIPS.vhd Line: 18
    Info (12023): Found entity 1: RAMMIPS File: C:/Users/lidia/6 SEM/mips_intermediario/RAMMIPS.vhd Line: 5
Info (12021): Found 2 design units, including 1 entities, in source file unidadecontrolefluxodados.vhd
    Info (12022): Found design unit 1: UnidadeControleFluxoDados-comportamento File: C:/Users/lidia/6 SEM/mips_intermediario/UnidadeControleFluxoDados.vhd Line: 10
    Info (12023): Found entity 1: UnidadeControleFluxoDados File: C:/Users/lidia/6 SEM/mips_intermediario/UnidadeControleFluxoDados.vhd Line: 4
Info (12021): Found 2 design units, including 1 entities, in source file unidadecontroleula.vhd
    Info (12022): Found design unit 1: UnidadeControleULA-comportamento File: C:/Users/lidia/6 SEM/mips_intermediario/UnidadeControleULA.vhd Line: 11
    Info (12023): Found entity 1: UnidadeControleULA File: C:/Users/lidia/6 SEM/mips_intermediario/UnidadeControleULA.vhd Line: 4
Info (12021): Found 2 design units, including 1 entities, in source file estendesinalgenerico.vhd
    Info (12022): Found design unit 1: estendeSinalGenerico-comportamento File: C:/Users/lidia/6 SEM/mips_intermediario/estendeSinalGenerico.vhd Line: 19
    Info (12023): Found entity 1: estendeSinalGenerico File: C:/Users/lidia/6 SEM/mips_intermediario/estendeSinalGenerico.vhd Line: 4
Info (12021): Found 2 design units, including 1 entities, in source file somadorgenerico.vhd
    Info (12022): Found design unit 1: somadorGenerico-comportamento File: C:/Users/lidia/6 SEM/mips_intermediario/somadorGenerico.vhd Line: 18
    Info (12023): Found entity 1: somadorGenerico File: C:/Users/lidia/6 SEM/mips_intermediario/somadorGenerico.vhd Line: 6
Info (12021): Found 2 design units, including 1 entities, in source file muxgenerico2x1_32bit.vhd
    Info (12022): Found design unit 1: muxGenerico2x1_32bit-comportamento File: C:/Users/lidia/6 SEM/mips_intermediario/muxGenerico2x1_32bit.vhd Line: 14
    Info (12023): Found entity 1: muxGenerico2x1_32bit File: C:/Users/lidia/6 SEM/mips_intermediario/muxGenerico2x1_32bit.vhd Line: 4
Info (12127): Elaborating entity "top_level" for the top level hierarchy
Warning (10541): VHDL Signal Declaration warning at top_level.vhd(36): used implicit default value for signal "sinal_controle" because signal was never assigned a value or an explicit default value. Use of implicit default value may introduce unintended design optimizations. File: C:/Users/lidia/6 SEM/mips_intermediario/top_level.vhd Line: 36
Warning (10873): Using initial value X (don't care) for net "LEDR[9..8]" at top_level.vhd(12) File: C:/Users/lidia/6 SEM/mips_intermediario/top_level.vhd Line: 12
Info (12128): Elaborating entity "registradorGenerico" for hierarchy "registradorGenerico:PC" File: C:/Users/lidia/6 SEM/mips_intermediario/top_level.vhd Line: 62
Info (12128): Elaborating entity "somaConstante" for hierarchy "somaConstante:incrementaPC" File: C:/Users/lidia/6 SEM/mips_intermediario/top_level.vhd Line: 65
Info (12128): Elaborating entity "ROMMIPS" for hierarchy "ROMMIPS:ROM" File: C:/Users/lidia/6 SEM/mips_intermediario/top_level.vhd Line: 68
Warning (10541): VHDL Signal Declaration warning at ROMMIPS.vhd(18): used implicit default value for signal "memROM" because signal was never assigned a value or an explicit default value. Use of implicit default value may introduce unintended design optimizations. File: C:/Users/lidia/6 SEM/mips_intermediario/ROMMIPS.vhd Line: 18
Info (12128): Elaborating entity "RAMMIPS" for hierarchy "RAMMIPS:RAM" File: C:/Users/lidia/6 SEM/mips_intermediario/top_level.vhd Line: 71
Info (12128): Elaborating entity "UnidadeControleFluxoDados" for hierarchy "UnidadeControleFluxoDados:UC" File: C:/Users/lidia/6 SEM/mips_intermediario/top_level.vhd Line: 75
Info (12128): Elaborating entity "UnidadeControleULA" for hierarchy "UnidadeControleULA:UC_ULA" File: C:/Users/lidia/6 SEM/mips_intermediario/top_level.vhd Line: 78
Info (10041): Inferred latch for "ULActrl[0]" at UnidadeControleULA.vhd(26) File: C:/Users/lidia/6 SEM/mips_intermediario/UnidadeControleULA.vhd Line: 26
Info (10041): Inferred latch for "ULActrl[1]" at UnidadeControleULA.vhd(26) File: C:/Users/lidia/6 SEM/mips_intermediario/UnidadeControleULA.vhd Line: 26
Info (10041): Inferred latch for "ULActrl[2]" at UnidadeControleULA.vhd(26) File: C:/Users/lidia/6 SEM/mips_intermediario/UnidadeControleULA.vhd Line: 26
Info (12128): Elaborating entity "muxGenerico2x1_32bit" for hierarchy "muxGenerico2x1_32bit:muxRT_RD" File: C:/Users/lidia/6 SEM/mips_intermediario/top_level.vhd Line: 81
Info (12128): Elaborating entity "bancoReg" for hierarchy "bancoReg:banco" File: C:/Users/lidia/6 SEM/mips_intermediario/top_level.vhd Line: 87
Info (12128): Elaborating entity "muxGenerico2x1_32bit" for hierarchy "muxGenerico2x1_32bit:muxULA_mem" File: C:/Users/lidia/6 SEM/mips_intermediario/top_level.vhd Line: 92
Info (12128): Elaborating entity "ULA_32bit" for hierarchy "ULA_32bit:ULA" File: C:/Users/lidia/6 SEM/mips_intermediario/top_level.vhd Line: 107
Info (12128): Elaborating entity "ULA_1bit" for hierarchy "ULA_32bit:ULA|ULA_1bit:Bit0" File: C:/Users/lidia/6 SEM/mips_intermediario/ULA_32bit.vhd Line: 56
Info (12128): Elaborating entity "muxGenerico2x1" for hierarchy "ULA_32bit:ULA|ULA_1bit:Bit0|muxGenerico2x1:muxInverteB" File: C:/Users/lidia/6 SEM/mips_intermediario/ULA_1bit.vhd Line: 28
Info (12128): Elaborating entity "Somador_1bit" for hierarchy "ULA_32bit:ULA|ULA_1bit:Bit0|Somador_1bit:Somador1bit" File: C:/Users/lidia/6 SEM/mips_intermediario/ULA_1bit.vhd Line: 38
Info (12128): Elaborating entity "muxGenerico4x1" for hierarchy "ULA_32bit:ULA|ULA_1bit:Bit0|muxGenerico4x1:MUX_ULA" File: C:/Users/lidia/6 SEM/mips_intermediario/ULA_1bit.vhd Line: 49
Info (12128): Elaborating entity "estendeSinalGenerico" for hierarchy "estendeSinalGenerico:estendeSinal" File: C:/Users/lidia/6 SEM/mips_intermediario/top_level.vhd Line: 111
Info (12128): Elaborating entity "somadorGenerico" for hierarchy "somadorGenerico:somador" File: C:/Users/lidia/6 SEM/mips_intermediario/top_level.vhd Line: 114
Info (12128): Elaborating entity "conversorHex7Seg" for hierarchy "conversorHex7Seg:Decoder_HEX0" File: C:/Users/lidia/6 SEM/mips_intermediario/top_level.vhd Line: 120
Info (276014): Found 3 instances of uninferred RAM logic
    Info (276007): RAM logic "bancoReg:banco|registrador" is uninferred due to asynchronous read logic File: C:/Users/lidia/6 SEM/mips_intermediario/bancoReg.vhd Line: 48
    Info (276007): RAM logic "RAMMIPS:RAM|memRAM" is uninferred due to asynchronous read logic File: C:/Users/lidia/6 SEM/mips_intermediario/RAMMIPS.vhd Line: 21
    Info (276004): RAM logic "ROMMIPS:ROM|memROM" is uninferred due to inappropriate RAM size File: C:/Users/lidia/6 SEM/mips_intermediario/ROMMIPS.vhd Line: 18
Warning (13046): Tri-state node(s) do not directly drive top-level pin(s)
    Warning (13049): Converted tri-state buffer "RAMMIPS:RAM|Dado_out[12]" feeding internal logic into a wire File: C:/Users/lidia/6 SEM/mips_intermediario/RAMMIPS.vhd Line: 13
    Warning (13049): Converted tri-state buffer "RAMMIPS:RAM|Dado_out[11]" feeding internal logic into a wire File: C:/Users/lidia/6 SEM/mips_intermediario/RAMMIPS.vhd Line: 13
    Warning (13049): Converted tri-state buffer "RAMMIPS:RAM|Dado_out[10]" feeding internal logic into a wire File: C:/Users/lidia/6 SEM/mips_intermediario/RAMMIPS.vhd Line: 13
    Warning (13049): Converted tri-state buffer "RAMMIPS:RAM|Dado_out[9]" feeding internal logic into a wire File: C:/Users/lidia/6 SEM/mips_intermediario/RAMMIPS.vhd Line: 13
    Warning (13049): Converted tri-state buffer "RAMMIPS:RAM|Dado_out[8]" feeding internal logic into a wire File: C:/Users/lidia/6 SEM/mips_intermediario/RAMMIPS.vhd Line: 13
    Warning (13049): Converted tri-state buffer "RAMMIPS:RAM|Dado_out[7]" feeding internal logic into a wire File: C:/Users/lidia/6 SEM/mips_intermediario/RAMMIPS.vhd Line: 13
    Warning (13049): Converted tri-state buffer "RAMMIPS:RAM|Dado_out[6]" feeding internal logic into a wire File: C:/Users/lidia/6 SEM/mips_intermediario/RAMMIPS.vhd Line: 13
    Warning (13049): Converted tri-state buffer "RAMMIPS:RAM|Dado_out[5]" feeding internal logic into a wire File: C:/Users/lidia/6 SEM/mips_intermediario/RAMMIPS.vhd Line: 13
    Warning (13049): Converted tri-state buffer "RAMMIPS:RAM|Dado_out[4]" feeding internal logic into a wire File: C:/Users/lidia/6 SEM/mips_intermediario/RAMMIPS.vhd Line: 13
    Warning (13049): Converted tri-state buffer "RAMMIPS:RAM|Dado_out[3]" feeding internal logic into a wire File: C:/Users/lidia/6 SEM/mips_intermediario/RAMMIPS.vhd Line: 13
    Warning (13049): Converted tri-state buffer "RAMMIPS:RAM|Dado_out[2]" feeding internal logic into a wire File: C:/Users/lidia/6 SEM/mips_intermediario/RAMMIPS.vhd Line: 13
    Warning (13049): Converted tri-state buffer "RAMMIPS:RAM|Dado_out[1]" feeding internal logic into a wire File: C:/Users/lidia/6 SEM/mips_intermediario/RAMMIPS.vhd Line: 13
    Warning (13049): Converted tri-state buffer "RAMMIPS:RAM|Dado_out[0]" feeding internal logic into a wire File: C:/Users/lidia/6 SEM/mips_intermediario/RAMMIPS.vhd Line: 13
    Warning (13049): Converted tri-state buffer "RAMMIPS:RAM|Dado_out[13]" feeding internal logic into a wire File: C:/Users/lidia/6 SEM/mips_intermediario/RAMMIPS.vhd Line: 13
    Warning (13049): Converted tri-state buffer "RAMMIPS:RAM|Dado_out[14]" feeding internal logic into a wire File: C:/Users/lidia/6 SEM/mips_intermediario/RAMMIPS.vhd Line: 13
    Warning (13049): Converted tri-state buffer "RAMMIPS:RAM|Dado_out[15]" feeding internal logic into a wire File: C:/Users/lidia/6 SEM/mips_intermediario/RAMMIPS.vhd Line: 13
    Warning (13049): Converted tri-state buffer "RAMMIPS:RAM|Dado_out[16]" feeding internal logic into a wire File: C:/Users/lidia/6 SEM/mips_intermediario/RAMMIPS.vhd Line: 13
    Warning (13049): Converted tri-state buffer "RAMMIPS:RAM|Dado_out[17]" feeding internal logic into a wire File: C:/Users/lidia/6 SEM/mips_intermediario/RAMMIPS.vhd Line: 13
    Warning (13049): Converted tri-state buffer "RAMMIPS:RAM|Dado_out[18]" feeding internal logic into a wire File: C:/Users/lidia/6 SEM/mips_intermediario/RAMMIPS.vhd Line: 13
    Warning (13049): Converted tri-state buffer "RAMMIPS:RAM|Dado_out[19]" feeding internal logic into a wire File: C:/Users/lidia/6 SEM/mips_intermediario/RAMMIPS.vhd Line: 13
    Warning (13049): Converted tri-state buffer "RAMMIPS:RAM|Dado_out[20]" feeding internal logic into a wire File: C:/Users/lidia/6 SEM/mips_intermediario/RAMMIPS.vhd Line: 13
    Warning (13049): Converted tri-state buffer "RAMMIPS:RAM|Dado_out[21]" feeding internal logic into a wire File: C:/Users/lidia/6 SEM/mips_intermediario/RAMMIPS.vhd Line: 13
    Warning (13049): Converted tri-state buffer "RAMMIPS:RAM|Dado_out[22]" feeding internal logic into a wire File: C:/Users/lidia/6 SEM/mips_intermediario/RAMMIPS.vhd Line: 13
    Warning (13049): Converted tri-state buffer "RAMMIPS:RAM|Dado_out[23]" feeding internal logic into a wire File: C:/Users/lidia/6 SEM/mips_intermediario/RAMMIPS.vhd Line: 13
    Warning (13049): Converted tri-state buffer "RAMMIPS:RAM|Dado_out[24]" feeding internal logic into a wire File: C:/Users/lidia/6 SEM/mips_intermediario/RAMMIPS.vhd Line: 13
    Warning (13049): Converted tri-state buffer "RAMMIPS:RAM|Dado_out[25]" feeding internal logic into a wire File: C:/Users/lidia/6 SEM/mips_intermediario/RAMMIPS.vhd Line: 13
    Warning (13049): Converted tri-state buffer "RAMMIPS:RAM|Dado_out[26]" feeding internal logic into a wire File: C:/Users/lidia/6 SEM/mips_intermediario/RAMMIPS.vhd Line: 13
    Warning (13049): Converted tri-state buffer "RAMMIPS:RAM|Dado_out[27]" feeding internal logic into a wire File: C:/Users/lidia/6 SEM/mips_intermediario/RAMMIPS.vhd Line: 13
    Warning (13049): Converted tri-state buffer "RAMMIPS:RAM|Dado_out[28]" feeding internal logic into a wire File: C:/Users/lidia/6 SEM/mips_intermediario/RAMMIPS.vhd Line: 13
    Warning (13049): Converted tri-state buffer "RAMMIPS:RAM|Dado_out[29]" feeding internal logic into a wire File: C:/Users/lidia/6 SEM/mips_intermediario/RAMMIPS.vhd Line: 13
    Warning (13049): Converted tri-state buffer "RAMMIPS:RAM|Dado_out[30]" feeding internal logic into a wire File: C:/Users/lidia/6 SEM/mips_intermediario/RAMMIPS.vhd Line: 13
    Warning (13049): Converted tri-state buffer "RAMMIPS:RAM|Dado_out[31]" feeding internal logic into a wire File: C:/Users/lidia/6 SEM/mips_intermediario/RAMMIPS.vhd Line: 13
Warning (13024): Output pins are stuck at VCC or GND
    Warning (13410): Pin "LEDR[0]" is stuck at GND File: C:/Users/lidia/6 SEM/mips_intermediario/top_level.vhd Line: 12
    Warning (13410): Pin "LEDR[1]" is stuck at GND File: C:/Users/lidia/6 SEM/mips_intermediario/top_level.vhd Line: 12
    Warning (13410): Pin "LEDR[2]" is stuck at GND File: C:/Users/lidia/6 SEM/mips_intermediario/top_level.vhd Line: 12
    Warning (13410): Pin "LEDR[3]" is stuck at GND File: C:/Users/lidia/6 SEM/mips_intermediario/top_level.vhd Line: 12
    Warning (13410): Pin "LEDR[4]" is stuck at GND File: C:/Users/lidia/6 SEM/mips_intermediario/top_level.vhd Line: 12
    Warning (13410): Pin "LEDR[5]" is stuck at GND File: C:/Users/lidia/6 SEM/mips_intermediario/top_level.vhd Line: 12
    Warning (13410): Pin "LEDR[6]" is stuck at GND File: C:/Users/lidia/6 SEM/mips_intermediario/top_level.vhd Line: 12
    Warning (13410): Pin "LEDR[7]" is stuck at GND File: C:/Users/lidia/6 SEM/mips_intermediario/top_level.vhd Line: 12
    Warning (13410): Pin "LEDR[8]" is stuck at GND File: C:/Users/lidia/6 SEM/mips_intermediario/top_level.vhd Line: 12
    Warning (13410): Pin "LEDR[9]" is stuck at GND File: C:/Users/lidia/6 SEM/mips_intermediario/top_level.vhd Line: 12
    Warning (13410): Pin "HEX0[0]" is stuck at GND File: C:/Users/lidia/6 SEM/mips_intermediario/top_level.vhd Line: 13
    Warning (13410): Pin "HEX0[1]" is stuck at GND File: C:/Users/lidia/6 SEM/mips_intermediario/top_level.vhd Line: 13
    Warning (13410): Pin "HEX0[2]" is stuck at GND File: C:/Users/lidia/6 SEM/mips_intermediario/top_level.vhd Line: 13
    Warning (13410): Pin "HEX0[3]" is stuck at GND File: C:/Users/lidia/6 SEM/mips_intermediario/top_level.vhd Line: 13
    Warning (13410): Pin "HEX0[4]" is stuck at GND File: C:/Users/lidia/6 SEM/mips_intermediario/top_level.vhd Line: 13
    Warning (13410): Pin "HEX0[5]" is stuck at GND File: C:/Users/lidia/6 SEM/mips_intermediario/top_level.vhd Line: 13
    Warning (13410): Pin "HEX0[6]" is stuck at VCC File: C:/Users/lidia/6 SEM/mips_intermediario/top_level.vhd Line: 13
    Warning (13410): Pin "HEX1[0]" is stuck at GND File: C:/Users/lidia/6 SEM/mips_intermediario/top_level.vhd Line: 14
    Warning (13410): Pin "HEX1[1]" is stuck at GND File: C:/Users/lidia/6 SEM/mips_intermediario/top_level.vhd Line: 14
    Warning (13410): Pin "HEX1[3]" is stuck at GND File: C:/Users/lidia/6 SEM/mips_intermediario/top_level.vhd Line: 14
    Warning (13410): Pin "HEX1[4]" is stuck at GND File: C:/Users/lidia/6 SEM/mips_intermediario/top_level.vhd Line: 14
    Warning (13410): Pin "HEX2[0]" is stuck at GND File: C:/Users/lidia/6 SEM/mips_intermediario/top_level.vhd Line: 15
    Warning (13410): Pin "HEX2[1]" is stuck at GND File: C:/Users/lidia/6 SEM/mips_intermediario/top_level.vhd Line: 15
    Warning (13410): Pin "HEX2[2]" is stuck at GND File: C:/Users/lidia/6 SEM/mips_intermediario/top_level.vhd Line: 15
    Warning (13410): Pin "HEX2[3]" is stuck at GND File: C:/Users/lidia/6 SEM/mips_intermediario/top_level.vhd Line: 15
    Warning (13410): Pin "HEX2[4]" is stuck at GND File: C:/Users/lidia/6 SEM/mips_intermediario/top_level.vhd Line: 15
    Warning (13410): Pin "HEX2[5]" is stuck at GND File: C:/Users/lidia/6 SEM/mips_intermediario/top_level.vhd Line: 15
    Warning (13410): Pin "HEX2[6]" is stuck at VCC File: C:/Users/lidia/6 SEM/mips_intermediario/top_level.vhd Line: 15
    Warning (13410): Pin "HEX3[0]" is stuck at GND File: C:/Users/lidia/6 SEM/mips_intermediario/top_level.vhd Line: 16
    Warning (13410): Pin "HEX3[1]" is stuck at GND File: C:/Users/lidia/6 SEM/mips_intermediario/top_level.vhd Line: 16
    Warning (13410): Pin "HEX3[2]" is stuck at GND File: C:/Users/lidia/6 SEM/mips_intermediario/top_level.vhd Line: 16
    Warning (13410): Pin "HEX3[3]" is stuck at GND File: C:/Users/lidia/6 SEM/mips_intermediario/top_level.vhd Line: 16
    Warning (13410): Pin "HEX3[4]" is stuck at GND File: C:/Users/lidia/6 SEM/mips_intermediario/top_level.vhd Line: 16
    Warning (13410): Pin "HEX3[5]" is stuck at GND File: C:/Users/lidia/6 SEM/mips_intermediario/top_level.vhd Line: 16
    Warning (13410): Pin "HEX3[6]" is stuck at VCC File: C:/Users/lidia/6 SEM/mips_intermediario/top_level.vhd Line: 16
    Warning (13410): Pin "HEX4[0]" is stuck at GND File: C:/Users/lidia/6 SEM/mips_intermediario/top_level.vhd Line: 17
    Warning (13410): Pin "HEX4[1]" is stuck at GND File: C:/Users/lidia/6 SEM/mips_intermediario/top_level.vhd Line: 17
    Warning (13410): Pin "HEX4[2]" is stuck at GND File: C:/Users/lidia/6 SEM/mips_intermediario/top_level.vhd Line: 17
    Warning (13410): Pin "HEX4[3]" is stuck at GND File: C:/Users/lidia/6 SEM/mips_intermediario/top_level.vhd Line: 17
    Warning (13410): Pin "HEX4[4]" is stuck at GND File: C:/Users/lidia/6 SEM/mips_intermediario/top_level.vhd Line: 17
    Warning (13410): Pin "HEX4[5]" is stuck at GND File: C:/Users/lidia/6 SEM/mips_intermediario/top_level.vhd Line: 17
    Warning (13410): Pin "HEX4[6]" is stuck at VCC File: C:/Users/lidia/6 SEM/mips_intermediario/top_level.vhd Line: 17
    Warning (13410): Pin "HEX5[0]" is stuck at GND File: C:/Users/lidia/6 SEM/mips_intermediario/top_level.vhd Line: 18
    Warning (13410): Pin "HEX5[1]" is stuck at GND File: C:/Users/lidia/6 SEM/mips_intermediario/top_level.vhd Line: 18
    Warning (13410): Pin "HEX5[2]" is stuck at GND File: C:/Users/lidia/6 SEM/mips_intermediario/top_level.vhd Line: 18
    Warning (13410): Pin "HEX5[3]" is stuck at GND File: C:/Users/lidia/6 SEM/mips_intermediario/top_level.vhd Line: 18
    Warning (13410): Pin "HEX5[4]" is stuck at GND File: C:/Users/lidia/6 SEM/mips_intermediario/top_level.vhd Line: 18
    Warning (13410): Pin "HEX5[5]" is stuck at GND File: C:/Users/lidia/6 SEM/mips_intermediario/top_level.vhd Line: 18
    Warning (13410): Pin "HEX5[6]" is stuck at VCC File: C:/Users/lidia/6 SEM/mips_intermediario/top_level.vhd Line: 18
Info (16010): Generating hard_block partition "hard_block:auto_generated_inst"
    Info (16011): Adding 0 node(s), including 0 DDIO, 0 PLL, 0 transceiver and 0 LCELL
Warning (21074): Design contains 14 input pin(s) that do not drive logic
    Warning (15610): No output dependent on input pin "CLOCK_50" File: C:/Users/lidia/6 SEM/mips_intermediario/top_level.vhd Line: 9
    Warning (15610): No output dependent on input pin "KEY[1]" File: C:/Users/lidia/6 SEM/mips_intermediario/top_level.vhd Line: 10
    Warning (15610): No output dependent on input pin "KEY[2]" File: C:/Users/lidia/6 SEM/mips_intermediario/top_level.vhd Line: 10
    Warning (15610): No output dependent on input pin "KEY[3]" File: C:/Users/lidia/6 SEM/mips_intermediario/top_level.vhd Line: 10
    Warning (15610): No output dependent on input pin "SW[1]" File: C:/Users/lidia/6 SEM/mips_intermediario/top_level.vhd Line: 11
    Warning (15610): No output dependent on input pin "SW[2]" File: C:/Users/lidia/6 SEM/mips_intermediario/top_level.vhd Line: 11
    Warning (15610): No output dependent on input pin "SW[3]" File: C:/Users/lidia/6 SEM/mips_intermediario/top_level.vhd Line: 11
    Warning (15610): No output dependent on input pin "SW[4]" File: C:/Users/lidia/6 SEM/mips_intermediario/top_level.vhd Line: 11
    Warning (15610): No output dependent on input pin "SW[5]" File: C:/Users/lidia/6 SEM/mips_intermediario/top_level.vhd Line: 11
    Warning (15610): No output dependent on input pin "SW[6]" File: C:/Users/lidia/6 SEM/mips_intermediario/top_level.vhd Line: 11
    Warning (15610): No output dependent on input pin "SW[7]" File: C:/Users/lidia/6 SEM/mips_intermediario/top_level.vhd Line: 11
    Warning (15610): No output dependent on input pin "SW[8]" File: C:/Users/lidia/6 SEM/mips_intermediario/top_level.vhd Line: 11
    Warning (15610): No output dependent on input pin "SW[9]" File: C:/Users/lidia/6 SEM/mips_intermediario/top_level.vhd Line: 11
    Warning (15610): No output dependent on input pin "KEY[0]" File: C:/Users/lidia/6 SEM/mips_intermediario/top_level.vhd Line: 10
Info (21057): Implemented 67 device resources after synthesis - the final resource count might be different
    Info (21058): Implemented 15 input pins
    Info (21059): Implemented 52 output pins
Info: Quartus Prime Analysis & Synthesis was successful. 0 errors, 102 warnings
    Info: Peak virtual memory: 4853 megabytes
    Info: Processing ended: Mon May 22 18:58:53 2023
    Info: Elapsed time: 00:00:10
    Info: Total CPU time (on all processors): 00:00:18


